生成启动时间为 2016/11/17 22:59:36。
     1>项目“D:\游戏社团\projects\Project1\DOOSABIN\DOOSABIN.vcxproj”在节点 2 上(Build 个目标)。
     1>ClCompile:
         H:\vs2013\VC\bin\CL.exe /c /Zi /nologo /W3 /WX- /sdl /O2 /Oi /Oy- /GL /D _MBCS /Gm- /EHsc /MD /GS /Gy /fp:precise /Zc:wchar_t /Zc:forScope /Fo"Release\\" /Fd"Release\vc120.pdb" /Gd /TP /analyze- /errorReport:prompt Mesh.cpp program.cpp
         Mesh.cpp
         program.cpp
     1>program.cpp(22): warning C4244: “初始化”: 从“double”转换到“GLfloat”，可能丢失数据
     1>program.cpp(23): warning C4244: “初始化”: 从“double”转换到“GLfloat”，可能丢失数据
     1>program.cpp(96): warning C4244: “初始化”: 从“double”转换到“GLfloat”，可能丢失数据
     1>program.cpp(186): warning C4244: “=”: 从“double”转换到“GLfloat”，可能丢失数据
     1>program.cpp(187): warning C4244: “=”: 从“double”转换到“GLfloat”，可能丢失数据
     1>program.cpp(190): warning C4244: “+=”: 从“double”转换到“GLfloat”，可能丢失数据
     1>program.cpp(191): warning C4244: “+=”: 从“double”转换到“GLfloat”，可能丢失数据
     1>program.cpp(197): warning C4244: “=”: 从“double”转换到“GLfloat”，可能丢失数据
     1>program.cpp(198): warning C4244: “=”: 从“double”转换到“GLfloat”，可能丢失数据
       Link:
         H:\vs2013\VC\bin\link.exe /ERRORREPORT:PROMPT /OUT:"D:\游戏社团\projects\Project1\Release\DOOSABIN.exe" /NOLOGO opengl32.lib glew32s.lib glfw3.lib kernel32.lib user32.lib gdi32.lib winspool.lib comdlg32.lib advapi32.lib shell32.lib ole32.lib oleaut32.lib uuid.lib odbc32.lib odbccp32.lib kernel32.lib user32.lib gdi32.lib winspool.lib comdlg32.lib advapi32.lib shell32.lib ole32.lib oleaut32.lib uuid.lib odbc32.lib odbccp32.lib /MANIFEST /MANIFESTUAC:"level='asInvoker' uiAccess='false'" /manifest:embed /DEBUG /PDB:"D:\游戏社团\projects\Project1\Release\DOOSABIN.pdb" /OPT:REF /OPT:ICF /LTCG /TLBID:1 /DYNAMICBASE /NXCOMPAT /IMPLIB:"D:\游戏社团\projects\Project1\Release\DOOSABIN.lib" /MACHINE:X86 /SAFESEH Release\Camera.obj
         Release\Mesh.obj
         Release\program.obj
         Release\Shader.obj
     1>LINK : warning LNK4098: 默认库“LIBCMT”与其他库的使用冲突；请使用 /NODEFAULTLIB:library
         正在生成代码
         已完成代码的生成
     1>Mesh.obj : warning LNK4049: 已导入本地定义的符号 ___glewEnableVertexAttribArray
     1>Mesh.obj : warning LNK4049: 已导入本地定义的符号 ___glewPrimitiveRestartIndex
     1>Mesh.obj : warning LNK4049: 已导入本地定义的符号 ___glewGenBuffers
     1>Mesh.obj : warning LNK4049: 已导入本地定义的符号 ___glewBindVertexArray
     1>Mesh.obj : warning LNK4049: 已导入本地定义的符号 ___glewBufferData
     1>Mesh.obj : warning LNK4049: 已导入本地定义的符号 ___glewMapBuffer
     1>Mesh.obj : warning LNK4049: 已导入本地定义的符号 ___glewGenVertexArrays
     1>Mesh.obj : warning LNK4049: 已导入本地定义的符号 ___glewVertexAttribPointer
     1>Mesh.obj : warning LNK4049: 已导入本地定义的符号 ___glewUnmapBuffer
     1>Mesh.obj : warning LNK4049: 已导入本地定义的符号 ___glewBindBuffer
     1>Shader.obj : warning LNK4049: 已导入本地定义的符号 ___glewAttachShader
     1>Shader.obj : warning LNK4049: 已导入本地定义的符号 ___glewCreateProgram
     1>Shader.obj : warning LNK4049: 已导入本地定义的符号 ___glewGetShaderiv
     1>Shader.obj : warning LNK4049: 已导入本地定义的符号 ___glewShaderSource
     1>Shader.obj : warning LNK4049: 已导入本地定义的符号 ___glewUseProgram
     1>Shader.obj : warning LNK4049: 已导入本地定义的符号 ___glewCompileShader
     1>Shader.obj : warning LNK4049: 已导入本地定义的符号 ___glewLinkProgram
     1>Shader.obj : warning LNK4049: 已导入本地定义的符号 ___glewGetShaderInfoLog
     1>Shader.obj : warning LNK4049: 已导入本地定义的符号 ___glewCreateShader
     1>Shader.obj : warning LNK4049: 已导入本地定义的符号 ___glewDeleteShader
     1>glew32s.lib(glew.obj) : warning LNK4099: 未找到 PDB“vc100.pdb”(使用“glew32s.lib(glew.obj)”或在“D:\游戏社团\projects\Project1\Release\vc100.pdb”中寻找)；正在链接对象，如同没有调试信息一样
         DOOSABIN.vcxproj -> D:\游戏社团\projects\Project1\Release\DOOSABIN.exe
     1>已完成生成项目“D:\游戏社团\projects\Project1\DOOSABIN\DOOSABIN.vcxproj”(Build 个目标)的操作。

生成成功。

已用时间 00:00:05.82
